<?xml version="1.0" encoding="UTF-8"?>
<!-- Generated by org.testng.reporters.JUnitReportReporter -->
<testsuite hostname="DESKTOP-79MFPOS" failures="0" tests="1" name="testNGAnnotations_Flags.TestNG_Annotations" time="0.024" errors="0" timestamp="2023-09-18T13:48:26 IST" skipped="0">
  <testcase classname="testNGAnnotations_Flags.TestNG_Annotations" name="method_test_annotation" time="0.024">
    <system-out>
      <![CDATA[TestAnnotation]]>
    </system-out>
  </testcase> <!-- method_test_annotation -->
  <system-out>
    <![CDATA[BeforeSuiteAnnotation
BeforeTestAnnotation
BeforeClassAnnotation
BeforeMethodAnnotation
TestAnnotation
AfterMethodAnnotation
AfterClassAnnotation
AfterTestAnnotation
AfterSuiteAnnotation]]>
  </system-out>
</testsuite> <!-- testNGAnnotations_Flags.TestNG_Annotations -->
