<?xml version="1.0" encoding="UTF-8"?>
<!-- Generated by org.testng.reporters.JUnitReportReporter -->
<testsuite hostname="DESKTOP-79MFPOS" failures="0" tests="1" name="testNGExecution.SearchJava" time="9.282" errors="0" timestamp="2023-09-17T11:03:05 IST" skipped="0">
  <testcase classname="testNGExecution.SearchJava" name="java_search_in_chrome" time="9.282">
    <system-out>
      <![CDATA[Java]]>
    </system-out>
  </testcase> <!-- java_search_in_chrome -->
  <system-out>
    <![CDATA[Java
SQL
SQL
Selenium]]>
  </system-out>
</testsuite> <!-- testNGExecution.SearchJava -->
