<?xml version="1.0" encoding="UTF-8"?>
<!-- Generated by org.testng.reporters.JUnitReportReporter -->
<testsuite hostname="DESKTOP-79MFPOS" failures="0" tests="12" name="testNGAnnotations_Flags.Flag6" time="0.029" errors="0" timestamp="2023-09-20T15:12:03 IST" skipped="0">
  <testcase classname="testNGAnnotations_Flags.Flag6" name="st2" time="0.002"/>
  <testcase classname="testNGAnnotations_Flags.Flag6" name="st3" time="0.002"/>
  <testcase classname="testNGAnnotations_Flags.Flag6" name="st1" time="0.002"/>
  <testcase classname="testNGAnnotations_Flags.Flag6" name="st4" time="0.002"/>
  <testcase classname="testNGAnnotations_Flags.Flag6" name="it6" time="0.002"/>
  <testcase classname="testNGAnnotations_Flags.Flag6" name="it4" time="0.002"/>
  <testcase classname="testNGAnnotations_Flags.Flag6" name="st5" time="0.002"/>
  <testcase classname="testNGAnnotations_Flags.Flag6" name="it5" time="0.002"/>
  <testcase classname="testNGAnnotations_Flags.Flag6" name="it2" time="0.002"/>
  <testcase classname="testNGAnnotations_Flags.Flag6" name="st6" time="0.001"/>
  <testcase classname="testNGAnnotations_Flags.Flag6" name="it1" time="0.009"/>
  <testcase classname="testNGAnnotations_Flags.Flag6" name="it3" time="0.001"/>
</testsuite> <!-- testNGAnnotations_Flags.Flag6 -->
