<?xml version="1.0" encoding="UTF-8"?>
<!-- Generated by org.testng.reporters.JUnitReportReporter -->
<testsuite hostname="DESKTOP-79MFPOS" failures="0" tests="1" name="testNGAnnotations_Flags.GoogleSearchTestCase" time="6.389" errors="0" timestamp="2023-09-18T14:21:26 IST" skipped="0">
  <testcase classname="testNGAnnotations_Flags.GoogleSearchTestCase" name="search_for_selenium" time="6.389"/>
</testsuite> <!-- testNGAnnotations_Flags.GoogleSearchTestCase -->
