<?xml version="1.0" encoding="UTF-8"?>
<!-- Generated by org.testng.reporters.JUnitReportReporter -->
<testsuite hostname="DESKTOP-79MFPOS" failures="0" tests="5" name="testNGAnnotations_Flags.ActiTimeDataProvider" time="15.992" errors="0" timestamp="2023-09-22T21:16:52 IST" skipped="0">
  <testcase classname="testNGAnnotations_Flags.ActiTimeDataProvider" name="invalidLoginMethod" time="3.106"/>
  <testcase classname="testNGAnnotations_Flags.ActiTimeDataProvider" name="invalidLoginMethod" time="2.881"/>
  <testcase classname="testNGAnnotations_Flags.ActiTimeDataProvider" name="invalidLoginMethod" time="2.811"/>
  <testcase classname="testNGAnnotations_Flags.ActiTimeDataProvider" name="invalidLoginMethod" time="3.186"/>
  <testcase classname="testNGAnnotations_Flags.ActiTimeDataProvider" name="invalidLoginMethod" time="4.008"/>
</testsuite> <!-- testNGAnnotations_Flags.ActiTimeDataProvider -->
