<?xml version="1.0" encoding="UTF-8"?>
<!-- Generated by org.testng.reporters.JUnitReportReporter -->
<testsuite hostname="DESKTOP-79MFPOS" failures="0" tests="2" name="testNGExecution.TestNGClass1" time="0.025" errors="0" timestamp="2023-09-17T11:14:54 IST" skipped="0">
  <testcase classname="testNGExecution.TestNGClass1" name="method2" time="0.013">
    <system-out>
      <![CDATA[TestNGClass1 : Method2]]>
    </system-out>
  </testcase> <!-- method2 -->
  <testcase classname="testNGExecution.TestNGClass1" name="method1" time="0.012">
    <system-out>
      <![CDATA[TestNGClass1 : Method1]]>
    </system-out>
  </testcase> <!-- method1 -->
  <system-out>
    <![CDATA[TestNGClass1 : Method1
TestNGClass3 : Method5
TestNGClass2 : Method3
TestNGClass2 : Method4
TestNGClass1 : Method2
TestNGClass3 : Method6]]>
  </system-out>
</testsuite> <!-- testNGExecution.TestNGClass1 -->
