<?xml version="1.0" encoding="UTF-8"?>
<!-- Generated by org.testng.reporters.JUnitReportReporter -->
<testsuite hostname="DESKTOP-79MFPOS" failures="0" tests="2" name="TestNGPackage.Demo" time="0.014" errors="0" timestamp="2023-09-16T14:08:16 IST" skipped="0">
  <testcase classname="TestNGPackage.Demo" name="method1" time="0.011">
    <system-out>
      <![CDATA[Method-1]]>
    </system-out>
  </testcase> <!-- method1 -->
  <testcase classname="TestNGPackage.Demo" name="method2" time="0.003">
    <system-out>
      <![CDATA[Method-2]]>
    </system-out>
  </testcase> <!-- method2 -->
  <system-out>
    <![CDATA[Method-1
Method-2
Method-3
Method-4
Method-5
Method-6]]>
  </system-out>
</testsuite> <!-- TestNGPackage.Demo -->
