<?xml version="1.0" encoding="UTF-8"?>
<!-- Generated by org.testng.reporters.JUnitReportReporter -->
<testsuite hostname="DESKTOP-79MFPOS" failures="0" tests="2" name="TestNGPackage.Remo" time="0.017" errors="0" timestamp="2023-09-16T14:08:16 IST" skipped="0">
  <testcase classname="TestNGPackage.Remo" name="method3" time="0.002">
    <system-out>
      <![CDATA[Method-3]]>
    </system-out>
  </testcase> <!-- method3 -->
  <testcase classname="TestNGPackage.Remo" name="method4" time="0.015">
    <system-out>
      <![CDATA[Method-4]]>
    </system-out>
  </testcase> <!-- method4 -->
  <system-out>
    <![CDATA[Method-1
Method-2
Method-3
Method-4
Method-5
Method-6]]>
  </system-out>
</testsuite> <!-- TestNGPackage.Remo -->
