<?xml version="1.0" encoding="UTF-8"?>
<!-- Generated by org.testng.reporters.JUnitReportReporter -->
<testsuite hostname="DESKTOP-79MFPOS" failures="0" tests="2" name="testNGExecution.SearchSQL" time="34.014" errors="0" timestamp="2023-09-17T11:03:05 IST" skipped="0">
  <testcase classname="testNGExecution.SearchSQL" name="search_sql_in_firefox" time="13.423">
    <system-out>
      <![CDATA[SQL]]>
    </system-out>
  </testcase> <!-- search_sql_in_firefox -->
  <testcase classname="testNGExecution.SearchSQL" name="search_sql_in_firefox" time="20.591">
    <system-out>
      <![CDATA[SQL]]>
    </system-out>
  </testcase> <!-- search_sql_in_firefox -->
  <system-out>
    <![CDATA[Java
SQL
SQL
Selenium]]>
  </system-out>
</testsuite> <!-- testNGExecution.SearchSQL -->
