<?xml version="1.0" encoding="UTF-8"?>
<!-- Generated by org.testng.reporters.JUnitReportReporter -->
<testsuite hostname="DESKTOP-79MFPOS" failures="0" tests="1" name="testNGExecution.SearchSelenium" time="27.407" errors="0" timestamp="2023-09-17T11:03:05 IST" skipped="0">
  <testcase classname="testNGExecution.SearchSelenium" name="search_selenium_in_edge" time="27.407">
    <system-out>
      <![CDATA[Selenium]]>
    </system-out>
  </testcase> <!-- search_selenium_in_edge -->
  <system-out>
    <![CDATA[Java
SQL
SQL
Selenium]]>
  </system-out>
</testsuite> <!-- testNGExecution.SearchSelenium -->
