<?xml version="1.0" encoding="UTF-8"?>
<!-- Generated by org.testng.reporters.JUnitReportReporter -->
<testsuite hostname="DESKTOP-79MFPOS" failures="0" tests="2" name="testNGExecution.SelectBrowser" time="13.097" errors="0" timestamp="2023-09-18T10:59:21 IST" skipped="0">
  <testcase classname="testNGExecution.SelectBrowser" name="select_Browser_method" time="8.301"/>
  <testcase classname="testNGExecution.SelectBrowser" name="select_Browser_method" time="4.796"/>
</testsuite> <!-- testNGExecution.SelectBrowser -->
