<?xml version="1.0" encoding="UTF-8"?>
<!-- Generated by org.testng.reporters.JUnitReportReporter -->
<testsuite hostname="DESKTOP-79MFPOS" failures="0" tests="2" name="TestNGPackage.Sumo" time="0.004" errors="0" timestamp="2023-09-16T14:08:16 IST" skipped="0">
  <testcase classname="TestNGPackage.Sumo" name="method6" time="0.002">
    <system-out>
      <![CDATA[Method-6]]>
    </system-out>
  </testcase> <!-- method6 -->
  <testcase classname="TestNGPackage.Sumo" name="method5" time="0.002">
    <system-out>
      <![CDATA[Method-5]]>
    </system-out>
  </testcase> <!-- method5 -->
  <system-out>
    <![CDATA[Method-1
Method-2
Method-3
Method-4
Method-5
Method-6]]>
  </system-out>
</testsuite> <!-- TestNGPackage.Sumo -->
